[    11.455] (WW) Failed to open protocol names file lib/xorg/protocol.txt
[    11.457] 
X.Org X Server 1.20.10
X Protocol Version 11, Revision 0
[    11.457] Build Operating System: Linux Arch Linux
[    11.457] Current Operating System: Linux archtest 5.10.11-arch1-1 #1 SMP PREEMPT Wed, 27 Jan 2021 13:53:16 +0000 x86_64
[    11.457] Kernel command line: BOOT_IMAGE=/vmlinuz-linux root=UUID=2aeb17aa-7185-4801-8690-0d3b20d6f5d0 rw loglevel=3 quiet
[    11.457] Build Date: 14 December 2020  12:10:29PM
[    11.457]  
[    11.457] Current version of pixman: 0.40.0
[    11.458] 	Before reporting problems, check http://wiki.x.org
	to make sure that you have the latest version.
[    11.458] Markers: (--) probed, (**) from config file, (==) default setting,
	(++) from command line, (!!) notice, (II) informational,
	(WW) warning, (EE) error, (NI) not implemented, (??) unknown.
[    11.458] (==) Log file: "/home/joao/.local/share/xorg/Xorg.0.log", Time: Wed Feb  3 16:37:10 2021
[    11.463] (==) Using config directory: "/etc/X11/xorg.conf.d"
[    11.463] (==) Using system config directory "/usr/share/X11/xorg.conf.d"
[    11.466] (==) No Layout section.  Using the first Screen section.
[    11.467] (==) No screen section available. Using defaults.
[    11.467] (**) |-->Screen "Default Screen Section" (0)
[    11.467] (**) |   |-->Monitor "<default monitor>"
[    11.467] (==) No monitor specified for screen "Default Screen Section".
	Using a default monitor configuration.
[    11.467] (==) Automatically adding devices
[    11.467] (==) Automatically enabling devices
[    11.467] (==) Automatically adding GPU devices
[    11.467] (==) Automatically binding GPU devices
[    11.467] (==) Max clients allowed: 256, resource mask: 0x1fffff
[    11.468] (WW) The directory "/usr/share/fonts/misc" does not exist.
[    11.468] 	Entry deleted from font path.
[    11.469] (WW) The directory "/usr/share/fonts/OTF" does not exist.
[    11.470] 	Entry deleted from font path.
[    11.470] (WW) The directory "/usr/share/fonts/Type1" does not exist.
[    11.470] 	Entry deleted from font path.
[    11.470] (WW) The directory "/usr/share/fonts/100dpi" does not exist.
[    11.470] 	Entry deleted from font path.
[    11.470] (WW) The directory "/usr/share/fonts/75dpi" does not exist.
[    11.470] 	Entry deleted from font path.
[    11.470] (==) FontPath set to:
	/usr/share/fonts/TTF
[    11.470] (==) ModulePath set to "/usr/lib/xorg/modules"
[    11.470] (II) The server relies on udev to provide the list of input devices.
	If no devices become available, reconfigure udev or disable AutoAddDevices.
[    11.470] (II) Module ABI versions:
[    11.470] 	X.Org ANSI C Emulation: 0.4
[    11.470] 	X.Org Video Driver: 24.1
[    11.470] 	X.Org XInput driver : 24.1
[    11.470] 	X.Org Server Extension : 10.0
[    11.471] (++) using VT number 1

[    11.476] (II) systemd-logind: took control of session /org/freedesktop/login1/session/_31
[    11.480] (II) xfree86: Adding drm device (/dev/dri/card0)
[    11.482] (II) systemd-logind: got fd for /dev/dri/card0 226:0 fd 10 paused 0
[    11.488] (--) PCI:*(0@0:2:0) 15ad:0405:15ad:0405 rev 0, Mem @ 0xe0000000/16777216, 0xf0000000/2097152, I/O @ 0x0000d010/16, BIOS @ 0x????????/131072
[    11.488] (WW) Open ACPI failed (/var/run/acpid.socket) (No such file or directory)
[    11.488] (II) LoadModule: "glx"
[    11.494] (II) Loading /usr/lib/xorg/modules/extensions/libglx.so
[    11.520] (II) Module glx: vendor="X.Org Foundation"
[    11.520] 	compiled for 1.20.10, module version = 1.0.0
[    11.520] 	ABI class: X.Org Server Extension, version 10.0
[    11.520] (==) Matched vmware as autoconfigured driver 0
[    11.520] (==) Matched modesetting as autoconfigured driver 1
[    11.520] (==) Matched fbdev as autoconfigured driver 2
[    11.520] (==) Matched vesa as autoconfigured driver 3
[    11.520] (==) Assigned the driver to the xf86ConfigLayout
[    11.520] (II) LoadModule: "vmware"
[    11.523] (II) Loading /usr/lib/xorg/modules/drivers/vmware_drv.so
[    11.910] (II) Module vmware: vendor="X.Org Foundation"
[    11.910] 	compiled for 1.20.8, module version = 13.3.0
[    11.910] 	Module class: X.Org Video Driver
[    11.910] 	ABI class: X.Org Video Driver, version 24.1
[    11.910] (II) LoadModule: "modesetting"
[    11.911] (II) Loading /usr/lib/xorg/modules/drivers/modesetting_drv.so
[    11.922] (II) Module modesetting: vendor="X.Org Foundation"
[    11.922] 	compiled for 1.20.10, module version = 1.20.10
[    11.922] 	Module class: X.Org Video Driver
[    11.922] 	ABI class: X.Org Video Driver, version 24.1
[    11.922] (II) LoadModule: "fbdev"
[    11.923] (WW) Warning, couldn't open module fbdev
[    11.923] (EE) Failed to load module "fbdev" (module does not exist, 0)
[    11.923] (II) LoadModule: "vesa"
[    11.923] (WW) Warning, couldn't open module vesa
[    11.923] (EE) Failed to load module "vesa" (module does not exist, 0)
[    11.923] (II) vmware: driver for VMware SVGA: vmware0405, vmware0710
[    11.923] (II) modesetting: Driver for Modesetting Kernel Drivers: kms
[    11.923] (WW) Falling back to old probe method for modesetting
[    11.923] (WW) VGA arbiter: cannot open kernel arbiter, no multi-card support
[    11.923] (II) vmware(0): Creating default Display subsection in Screen section
	"Default Screen Section" for depth/fbbpp 24/32
[    11.923] (--) vmware(0): DRM driver version is 2.18.0
[    11.924] (==) vmware(0): Depth 24, (--) framebuffer bpp 32
[    11.924] (==) vmware(0): RGB weight 888
[    11.924] (==) vmware(0): Default visual is TrueColor
[    11.924] (--) vmware(0): Min width 1, Max Width 8192.
[    11.924] (--) vmware(0): Min height 1, Max Height 8192.
[    11.925] (II) vmware(0): Output Virtual1 has no monitor section
[    11.926] (II) vmware(0): Output Virtual2 has no monitor section
[    11.926] (II) vmware(0): Output Virtual3 has no monitor section
[    11.926] (II) vmware(0): Output Virtual4 has no monitor section
[    11.926] (II) vmware(0): Output Virtual5 has no monitor section
[    11.926] (II) vmware(0): Output Virtual6 has no monitor section
[    11.926] (II) vmware(0): Output Virtual7 has no monitor section
[    11.926] (II) vmware(0): Output Virtual8 has no monitor section
[    11.926] (II) vmware(0): Printing probed modes for output Virtual1
[    11.926] (II) vmware(0): Modeline "800x600"x60.0   42.75  800 850 900 950  600 650 700 750 -hsync +vsync (45.0 kHz eP)
[    11.926] (II) vmware(0): Modeline "2560x1600"x60.0  348.50  2560 2752 3032 3504  1600 1603 1609 1658 -hsync +vsync (99.5 kHz e)
[    11.926] (II) vmware(0): Modeline "1920x1440"x60.0  234.00  1920 2048 2256 2600  1440 1441 1444 1500 -hsync +vsync (90.0 kHz e)
[    11.926] (II) vmware(0): Modeline "1856x1392"x60.0  218.25  1856 1952 2176 2528  1392 1393 1396 1439 -hsync +vsync (86.3 kHz e)
[    11.926] (II) vmware(0): Modeline "1792x1344"x60.0  204.75  1792 1920 2120 2448  1344 1345 1348 1394 -hsync +vsync (83.6 kHz e)
[    11.926] (II) vmware(0): Modeline "1920x1200"x59.9  193.25  1920 2056 2256 2592  1200 1203 1209 1245 -hsync +vsync (74.6 kHz e)
[    11.926] (II) vmware(0): Modeline "1600x1200"x60.0  162.00  1600 1664 1856 2160  1200 1201 1204 1250 +hsync +vsync (75.0 kHz e)
[    11.926] (II) vmware(0): Modeline "1680x1050"x60.0  146.25  1680 1784 1960 2240  1050 1053 1059 1089 -hsync +vsync (65.3 kHz e)
[    11.926] (II) vmware(0): Modeline "1400x1050"x60.0  121.75  1400 1488 1632 1864  1050 1053 1057 1089 -hsync +vsync (65.3 kHz e)
[    11.926] (II) vmware(0): Modeline "1280x1024"x60.0  108.00  1280 1328 1440 1688  1024 1025 1028 1066 +hsync +vsync (64.0 kHz e)
[    11.926] (II) vmware(0): Modeline "1440x900"x59.9  106.50  1440 1520 1672 1904  900 903 909 934 -hsync +vsync (55.9 kHz e)
[    11.926] (II) vmware(0): Modeline "1280x960"x60.0  108.00  1280 1376 1488 1800  960 961 964 1000 +hsync +vsync (60.0 kHz e)
[    11.926] (II) vmware(0): Modeline "1360x768"x60.0   85.50  1360 1424 1536 1792  768 771 777 795 +hsync +vsync (47.7 kHz e)
[    11.926] (II) vmware(0): Modeline "1280x800"x59.8   83.50  1280 1352 1480 1680  800 803 809 831 +hsync -vsync (49.7 kHz e)
[    11.926] (II) vmware(0): Modeline "1152x864"x75.0  108.00  1152 1216 1344 1600  864 865 868 900 +hsync +vsync (67.5 kHz e)
[    11.926] (II) vmware(0): Modeline "1280x768"x59.9   79.50  1280 1344 1472 1664  768 771 778 798 -hsync +vsync (47.8 kHz e)
[    11.926] (II) vmware(0): Modeline "1024x768"x60.0   65.00  1024 1048 1184 1344  768 771 777 806 -hsync -vsync (48.4 kHz e)
[    11.926] (II) vmware(0): Modeline "800x600"x60.3   40.00  800 840 968 1056  600 601 605 628 +hsync +vsync (37.9 kHz e)
[    11.926] (II) vmware(0): Modeline "640x480"x59.9   25.18  640 656 752 800  480 489 492 525 -hsync -vsync (31.5 kHz e)
[    11.927] (II) vmware(0): EDID for output Virtual2
[    11.927] (II) vmware(0): EDID for output Virtual3
[    11.927] (II) vmware(0): EDID for output Virtual4
[    11.927] (II) vmware(0): EDID for output Virtual5
[    11.927] (II) vmware(0): EDID for output Virtual6
[    11.927] (II) vmware(0): EDID for output Virtual7
[    11.927] (II) vmware(0): EDID for output Virtual8
[    11.927] (II) vmware(0): Output Virtual1 connected
[    11.927] (II) vmware(0): Output Virtual2 disconnected
[    11.927] (II) vmware(0): Output Virtual3 disconnected
[    11.927] (II) vmware(0): Output Virtual4 disconnected
[    11.927] (II) vmware(0): Output Virtual5 disconnected
[    11.927] (II) vmware(0): Output Virtual6 disconnected
[    11.927] (II) vmware(0): Output Virtual7 disconnected
[    11.927] (II) vmware(0): Output Virtual8 disconnected
[    11.927] (II) vmware(0): Using exact sizes for initial modes
[    11.927] (II) vmware(0): Output Virtual1 using initial mode 800x600 +0+0
[    11.927] (==) vmware(0): DPI set to (96, 96)
[    11.927] (==) vmware(0): Using gamma correction (1.0, 1.0, 1.0)
[    11.927] (II) Loading sub module "fb"
[    11.927] (II) LoadModule: "fb"
[    11.927] (II) Loading /usr/lib/xorg/modules/libfb.so
[    11.931] (II) Module fb: vendor="X.Org Foundation"
[    11.931] 	compiled for 1.20.10, module version = 1.0.0
[    11.931] 	ABI class: X.Org ANSI C Emulation, version 0.4
[    11.931] (II) Loading sub module "dri2"
[    11.931] (II) LoadModule: "dri2"
[    11.931] (II) Module "dri2" already built-in
[    11.931] (II) Loading sub module "dri3"
[    11.931] (II) LoadModule: "dri3"
[    11.931] (II) Module "dri3" already built-in
[    11.931] (II) UnloadModule: "modesetting"
[    11.931] (II) Unloading modesetting
[    11.935] (II) vmware(0): Initialized VMWARE_CTRL extension version 0.2
[    11.953] (WW) vmware(0): Failed to initialize Gallium3D Xa. No render acceleration available.
[    11.953] (WW) vmware(0): Skipped initialization of direct rendering due to lack of render acceleration.
[    11.953] (--) vmware(0): Render acceleration is disabled.
[    11.953] (==) vmware(0): Rendercheck mode is disabled.
[    11.953] (--) vmware(0): Direct rendering (DRI2 3D) is disabled.
[    11.953] (--) vmware(0): Direct rendering (DRI3 3D) is disabled.
[    11.953] (==) vmware(0): Backing store enabled
[    11.953] (==) vmware(0): Silken mouse disabled
[    11.955] (==) vmware(0): DPMS enabled
[    11.955] (II) vmware(0): No 3D acceleration. Not setting up textured video.
[    11.955] (WW) vmware(0): Disabling Xv because no adaptors could be initialized.
[    11.955] (II) Initializing extension Generic Event Extension
[    11.955] (II) Initializing extension SHAPE
[    11.955] (II) Initializing extension MIT-SHM
[    11.955] (II) Initializing extension XInputExtension
[    11.957] (II) Initializing extension XTEST
[    11.957] (II) Initializing extension BIG-REQUESTS
[    11.957] (II) Initializing extension SYNC
[    11.957] (II) Initializing extension XKEYBOARD
[    11.957] (II) Initializing extension XC-MISC
[    11.957] (II) Initializing extension SECURITY
[    11.959] (II) Initializing extension XFIXES
[    11.959] (II) Initializing extension RENDER
[    11.959] (II) Initializing extension RANDR
[    11.959] (II) Initializing extension COMPOSITE
[    11.959] (II) Initializing extension DAMAGE
[    11.959] (II) Initializing extension MIT-SCREEN-SAVER
[    11.959] (II) Initializing extension DOUBLE-BUFFER
[    11.959] (II) Initializing extension RECORD
[    11.959] (II) Initializing extension DPMS
[    11.959] (II) Initializing extension Present
[    11.959] (II) Initializing extension DRI3
[    11.959] (II) Initializing extension X-Resource
[    11.959] (II) Initializing extension XVideo
[    11.959] (II) Initializing extension XVideo-MotionCompensation
[    11.959] (II) Initializing extension GLX
[    11.959] (II) AIGLX: Screen 0 is not DRI2 capable
[    12.102] (II) IGLX: Loaded and initialized swrast
[    12.102] (II) GLX: Initialized DRISWRAST GL provider for screen 0
[    12.102] (II) Initializing extension XFree86-VidModeExtension
[    12.102] (II) Initializing extension XFree86-DGA
[    12.102] (II) Initializing extension XFree86-DRI
[    12.102] (II) Initializing extension DRI2
[    12.111] (II) vmware(0): Setting screen physical size to 211 x 158
[    12.183] (II) config/udev: Adding input device Power Button (/dev/input/event0)
[    12.183] (**) Power Button: Applying InputClass "libinput keyboard catchall"
[    12.183] (**) Power Button: Applying InputClass "system-keyboard"
[    12.183] (II) LoadModule: "libinput"
[    12.183] (II) Loading /usr/lib/xorg/modules/input/libinput_drv.so
[    12.191] (II) Module libinput: vendor="X.Org Foundation"
[    12.191] 	compiled for 1.20.8, module version = 0.30.0
[    12.191] 	Module class: X.Org XInput Driver
[    12.191] 	ABI class: X.Org XInput driver, version 24.1
[    12.191] (II) Using input driver 'libinput' for 'Power Button'
[    12.191] (II) systemd-logind: got fd for /dev/input/event0 13:64 fd 13 paused 0
[    12.191] (**) Power Button: always reports core events
[    12.191] (**) Option "Device" "/dev/input/event0"
[    12.191] (**) Option "_source" "server/udev"
[    12.202] (II) event0  - Power Button: is tagged by udev as: Keyboard
[    12.202] (II) event0  - Power Button: device is a keyboard
[    12.203] (II) event0  - Power Button: device removed
[    12.203] (**) Option "config_info" "udev:/sys/devices/LNXSYSTM:00/LNXPWRBN:00/input/input0/event0"
[    12.203] (II) XINPUT: Adding extended input device "Power Button" (type: KEYBOARD, id 6)
[    12.203] (**) Option "xkb_model" "pc104"
[    12.203] (**) Option "xkb_layout" "us,br"
[    12.203] (**) Option "xkb_variant" "qwerty"
[    12.203] (**) Option "xkb_options" "grp:win_space_toggle"
[    12.222] (II) event0  - Power Button: is tagged by udev as: Keyboard
[    12.222] (II) event0  - Power Button: device is a keyboard
[    12.222] (II) config/udev: Adding input device Sleep Button (/dev/input/event1)
[    12.222] (**) Sleep Button: Applying InputClass "libinput keyboard catchall"
[    12.222] (**) Sleep Button: Applying InputClass "system-keyboard"
[    12.222] (II) Using input driver 'libinput' for 'Sleep Button'
[    12.223] (II) systemd-logind: got fd for /dev/input/event1 13:65 fd 16 paused 0
[    12.223] (**) Sleep Button: always reports core events
[    12.223] (**) Option "Device" "/dev/input/event1"
[    12.223] (**) Option "_source" "server/udev"
[    12.224] (II) event1  - Sleep Button: is tagged by udev as: Keyboard
[    12.224] (II) event1  - Sleep Button: device is a keyboard
[    12.224] (II) event1  - Sleep Button: device removed
[    12.224] (**) Option "config_info" "udev:/sys/devices/LNXSYSTM:00/LNXSLPBN:00/input/input1/event1"
[    12.224] (II) XINPUT: Adding extended input device "Sleep Button" (type: KEYBOARD, id 7)
[    12.224] (**) Option "xkb_model" "pc104"
[    12.224] (**) Option "xkb_layout" "us,br"
[    12.224] (**) Option "xkb_variant" "qwerty"
[    12.224] (**) Option "xkb_options" "grp:win_space_toggle"
[    12.225] (II) event1  - Sleep Button: is tagged by udev as: Keyboard
[    12.225] (II) event1  - Sleep Button: device is a keyboard
[    12.226] (II) config/udev: Adding input device Video Bus (/dev/input/event6)
[    12.226] (**) Video Bus: Applying InputClass "libinput keyboard catchall"
[    12.226] (**) Video Bus: Applying InputClass "system-keyboard"
[    12.226] (II) Using input driver 'libinput' for 'Video Bus'
[    12.227] (II) systemd-logind: got fd for /dev/input/event6 13:70 fd 17 paused 0
[    12.227] (**) Video Bus: always reports core events
[    12.227] (**) Option "Device" "/dev/input/event6"
[    12.227] (**) Option "_source" "server/udev"
[    12.227] (II) event6  - Video Bus: is tagged by udev as: Keyboard
[    12.227] (II) event6  - Video Bus: device is a keyboard
[    12.228] (II) event6  - Video Bus: device removed
[    12.228] (**) Option "config_info" "udev:/sys/devices/LNXSYSTM:00/LNXSYBUS:00/PNP0A03:00/LNXVIDEO:00/input/input7/event6"
[    12.228] (II) XINPUT: Adding extended input device "Video Bus" (type: KEYBOARD, id 8)
[    12.228] (**) Option "xkb_model" "pc104"
[    12.228] (**) Option "xkb_layout" "us,br"
[    12.228] (**) Option "xkb_variant" "qwerty"
[    12.228] (**) Option "xkb_options" "grp:win_space_toggle"
[    12.229] (II) event6  - Video Bus: is tagged by udev as: Keyboard
[    12.229] (II) event6  - Video Bus: device is a keyboard
[    12.230] (II) config/udev: Adding input device VirtualBox mouse integration (/dev/input/event7)
[    12.230] (**) VirtualBox mouse integration: Applying InputClass "libinput pointer catchall"
[    12.230] (II) Using input driver 'libinput' for 'VirtualBox mouse integration'
[    12.230] (II) systemd-logind: got fd for /dev/input/event7 13:71 fd 18 paused 0
[    12.230] (**) VirtualBox mouse integration: always reports core events
[    12.230] (**) Option "Device" "/dev/input/event7"
[    12.230] (**) Option "_source" "server/udev"
[    12.231] (II) event7  - VirtualBox mouse integration: is tagged by udev as: Mouse
[    12.231] (II) event7  - VirtualBox mouse integration: device is a pointer
[    12.232] (II) event7  - VirtualBox mouse integration: device removed
[    12.232] (**) Option "config_info" "udev:/sys/devices/pci0000:00/0000:00:04.0/input/input8/event7"
[    12.232] (II) XINPUT: Adding extended input device "VirtualBox mouse integration" (type: MOUSE, id 9)
[    12.232] (**) Option "AccelerationScheme" "none"
[    12.232] (**) VirtualBox mouse integration: (accel) selected scheme none/0
[    12.232] (**) VirtualBox mouse integration: (accel) acceleration factor: 2.000
[    12.232] (**) VirtualBox mouse integration: (accel) acceleration threshold: 4
[    12.232] (II) event7  - VirtualBox mouse integration: is tagged by udev as: Mouse
[    12.233] (II) event7  - VirtualBox mouse integration: device is a pointer
[    12.233] (II) config/udev: Adding input device VirtualBox mouse integration (/dev/input/js1)
[    12.233] (II) No input driver specified, ignoring this device.
[    12.233] (II) This device may have been added with another device file.
[    12.233] (II) config/udev: Adding input device VirtualBox mouse integration (/dev/input/mouse2)
[    12.233] (II) No input driver specified, ignoring this device.
[    12.233] (II) This device may have been added with another device file.
[    12.234] (II) config/udev: Adding input device VirtualBox USB Tablet (/dev/input/event4)
[    12.234] (**) VirtualBox USB Tablet: Applying InputClass "libinput pointer catchall"
[    12.234] (II) Using input driver 'libinput' for 'VirtualBox USB Tablet'
[    12.522] (II) systemd-logind: got fd for /dev/input/event4 13:68 fd 19 paused 0
[    12.522] (**) VirtualBox USB Tablet: always reports core events
[    12.522] (**) Option "Device" "/dev/input/event4"
[    12.522] (**) Option "_source" "server/udev"
[    12.526] (II) event4  - VirtualBox USB Tablet: is tagged by udev as: Mouse
[    12.526] (II) event4  - VirtualBox USB Tablet: device is a pointer
[    12.526] (II) event4  - VirtualBox USB Tablet: device removed
[    12.526] (**) Option "config_info" "udev:/sys/devices/pci0000:00/0000:00:06.0/usb2/2-1/2-1:1.0/0003:80EE:0021.0001/input/input5/event4"
[    12.527] (II) XINPUT: Adding extended input device "VirtualBox USB Tablet" (type: MOUSE, id 10)
[    12.527] (**) Option "AccelerationScheme" "none"
[    12.527] (**) VirtualBox USB Tablet: (accel) selected scheme none/0
[    12.527] (**) VirtualBox USB Tablet: (accel) acceleration factor: 2.000
[    12.527] (**) VirtualBox USB Tablet: (accel) acceleration threshold: 4
[    12.528] (II) event4  - VirtualBox USB Tablet: is tagged by udev as: Mouse
[    12.528] (II) event4  - VirtualBox USB Tablet: device is a pointer
[    12.528] (II) config/udev: Adding input device VirtualBox USB Tablet (/dev/input/js0)
[    12.528] (II) No input driver specified, ignoring this device.
[    12.528] (II) This device may have been added with another device file.
[    12.529] (II) config/udev: Adding input device VirtualBox USB Tablet (/dev/input/mouse1)
[    12.529] (II) No input driver specified, ignoring this device.
[    12.529] (II) This device may have been added with another device file.
[    12.529] (II) config/udev: Adding input device AT Translated Set 2 keyboard (/dev/input/event2)
[    12.529] (**) AT Translated Set 2 keyboard: Applying InputClass "libinput keyboard catchall"
[    12.529] (**) AT Translated Set 2 keyboard: Applying InputClass "system-keyboard"
[    12.529] (II) Using input driver 'libinput' for 'AT Translated Set 2 keyboard'
[    12.530] (II) systemd-logind: got fd for /dev/input/event2 13:66 fd 20 paused 0
[    12.530] (**) AT Translated Set 2 keyboard: always reports core events
[    12.530] (**) Option "Device" "/dev/input/event2"
[    12.530] (**) Option "_source" "server/udev"
[    12.530] (II) event2  - AT Translated Set 2 keyboard: is tagged by udev as: Keyboard
[    12.530] (II) event2  - AT Translated Set 2 keyboard: device is a keyboard
[    12.531] (II) event2  - AT Translated Set 2 keyboard: device removed
[    12.531] (**) Option "config_info" "udev:/sys/devices/platform/i8042/serio0/input/input2/event2"
[    12.531] (II) XINPUT: Adding extended input device "AT Translated Set 2 keyboard" (type: KEYBOARD, id 11)
[    12.531] (**) Option "xkb_model" "pc104"
[    12.531] (**) Option "xkb_layout" "us,br"
[    12.531] (**) Option "xkb_variant" "qwerty"
[    12.531] (**) Option "xkb_options" "grp:win_space_toggle"
[    12.532] (II) event2  - AT Translated Set 2 keyboard: is tagged by udev as: Keyboard
[    12.532] (II) event2  - AT Translated Set 2 keyboard: device is a keyboard
[    12.532] (II) config/udev: Adding input device ImExPS/2 Generic Explorer Mouse (/dev/input/event3)
[    12.532] (**) ImExPS/2 Generic Explorer Mouse: Applying InputClass "libinput pointer catchall"
[    12.532] (II) Using input driver 'libinput' for 'ImExPS/2 Generic Explorer Mouse'
[    12.533] (II) systemd-logind: got fd for /dev/input/event3 13:67 fd 21 paused 0
[    12.533] (**) ImExPS/2 Generic Explorer Mouse: always reports core events
[    12.533] (**) Option "Device" "/dev/input/event3"
[    12.533] (**) Option "_source" "server/udev"
[    12.534] (II) event3  - ImExPS/2 Generic Explorer Mouse: is tagged by udev as: Mouse
[    12.534] (II) event3  - ImExPS/2 Generic Explorer Mouse: device is a pointer
[    12.534] (II) event3  - ImExPS/2 Generic Explorer Mouse: device removed
[    12.534] (**) Option "config_info" "udev:/sys/devices/platform/i8042/serio1/input/input4/event3"
[    12.534] (II) XINPUT: Adding extended input device "ImExPS/2 Generic Explorer Mouse" (type: MOUSE, id 12)
[    12.534] (**) Option "AccelerationScheme" "none"
[    12.534] (**) ImExPS/2 Generic Explorer Mouse: (accel) selected scheme none/0
[    12.534] (**) ImExPS/2 Generic Explorer Mouse: (accel) acceleration factor: 2.000
[    12.534] (**) ImExPS/2 Generic Explorer Mouse: (accel) acceleration threshold: 4
[    12.535] (II) event3  - ImExPS/2 Generic Explorer Mouse: is tagged by udev as: Mouse
[    12.535] (II) event3  - ImExPS/2 Generic Explorer Mouse: device is a pointer
[    12.536] (II) config/udev: Adding input device ImExPS/2 Generic Explorer Mouse (/dev/input/mouse0)
[    12.536] (II) No input driver specified, ignoring this device.
[    12.536] (II) This device may have been added with another device file.
[    12.536] (II) config/udev: Adding input device PC Speaker (/dev/input/event5)
[    12.536] (II) No input driver specified, ignoring this device.
[    12.536] (II) This device may have been added with another device file.
